<?xml version="1.0" encoding="UTF-8"?>
<robot generator="Robot 5.0.1 (Python 3.10.6 on linux)" generated="20220929 16:19:22.284" rpa="false" schemaversion="3">
<suite id="s1" name="Aula2" source="/home/katy/Área de Trabalho/aula2">
<suite id="s1-s1" name="WebTesting" source="/home/katy/Área de Trabalho/aula2/WebTesting">
<suite id="s1-s1-s1" name="Minha Suite" source="/home/katy/Área de Trabalho/aula2/WebTesting/minha_suite.robot">
<test id="s1-s1-s1-t1" name="Caso de Teste 01: Pesquisa um produto no site" line="6">
<kw name="Acessar a página home do site da loja" library="resource">
<kw name="Open Browser" library="SeleniumLibrary">
<arg>url=${URL}</arg>
<arg>browser=${BROWSER}</arg>
<doc>Opens a new browser instance to the optional ``url``.</doc>
<msg timestamp="20220929 16:19:22.672" level="INFO">Opening browser 'chrome' to base url 'http://automationpractice.com/index.php'.</msg>
<status status="PASS" starttime="20220929 16:19:22.671" endtime="20220929 16:19:30.160"/>
</kw>
<status status="PASS" starttime="20220929 16:19:22.670" endtime="20220929 16:19:30.161"/>
</kw>
<kw name="Digitar o produto &quot;blouse&quot; no campo de Pesquisa" library="resource" sourcename="Digitar o produto &quot;${PRODUTO}&quot; no campo de Pesquisa">
<kw name="Input Text" library="SeleniumLibrary">
<arg>id=search_query_top</arg>
<arg>${PRODUTO}</arg>
<doc>Types the given ``text`` into the text field identified by ``locator``.</doc>
<msg timestamp="20220929 16:19:30.164" level="INFO">Typing text 'blouse' into text field 'id=search_query_top'.</msg>
<status status="PASS" starttime="20220929 16:19:30.163" endtime="20220929 16:19:30.320"/>
</kw>
<status status="PASS" starttime="20220929 16:19:30.162" endtime="20220929 16:19:30.321"/>
</kw>
<kw name="Clicar no botão pesquisar" library="resource">
<kw name="Click Button" library="SeleniumLibrary">
<arg>name=submit_search</arg>
<doc>Clicks the button identified by ``locator``.</doc>
<msg timestamp="20220929 16:19:30.323" level="INFO">Clicking button 'name=submit_search'.</msg>
<status status="PASS" starttime="20220929 16:19:30.322" endtime="20220929 16:19:35.582"/>
</kw>
<status status="PASS" starttime="20220929 16:19:30.321" endtime="20220929 16:19:35.583"/>
</kw>
<kw name="Conferir se o produto &quot;blouse&quot; é exibido corretamente" library="resource">
<kw name="Wait Until Element Is Visible" library="SeleniumLibrary">
<arg>xpath=//*[@id="center_column"]/ul/li/div/div[1]/div/a[1]/img</arg>
<doc>Waits until the element ``locator`` is visible.</doc>
<status status="PASS" starttime="20220929 16:19:35.584" endtime="20220929 16:19:35.805"/>
</kw>
<status status="PASS" starttime="20220929 16:19:35.583" endtime="20220929 16:19:35.805"/>
</kw>
<kw name="Fechar navegador" library="resource">
<kw name="Close Browser" library="SeleniumLibrary">
<doc>Closes the current browser.</doc>
<status status="PASS" starttime="20220929 16:19:35.807" endtime="20220929 16:19:35.988"/>
</kw>
<status status="PASS" starttime="20220929 16:19:35.806" endtime="20220929 16:19:35.989"/>
</kw>
<status status="PASS" starttime="20220929 16:19:22.667" endtime="20220929 16:19:35.989"/>
</test>
<doc>Suíte Exemplo WebTesting</doc>
<status status="PASS" starttime="20220929 16:19:22.336" endtime="20220929 16:19:35.991"/>
</suite>
<status status="PASS" starttime="20220929 16:19:22.332" endtime="20220929 16:19:35.996"/>
</suite>
<status status="PASS" starttime="20220929 16:19:22.287" endtime="20220929 16:19:36.012"/>
</suite>
<statistics>
<total>
<stat pass="1" fail="0" skip="0">All Tests</stat>
</total>
<tag>
</tag>
<suite>
<stat pass="1" fail="0" skip="0" id="s1" name="Aula2">Aula2</stat>
<stat pass="1" fail="0" skip="0" id="s1-s1" name="WebTesting">Aula2.WebTesting</stat>
<stat pass="1" fail="0" skip="0" id="s1-s1-s1" name="Minha Suite">Aula2.WebTesting.Minha Suite</stat>
</suite>
</statistics>
<errors>
</errors>
</robot>
